Headmaster/proguard/seeds.txt
com.yibu.headmaster.AboutUsActivity
com.yibu.headmaster.AboutUsActivity: AboutUsActivity()
com.yibu.headmaster.AssessActivity
com.yibu.headmaster.AssessActivity: AssessActivity()
com.yibu.headmaster.BaseActivity
com.yibu.headmaster.BaseActivity: BaseActivity()
com.yibu.headmaster.CallBackActivity
com.yibu.headmaster.CallBackActivity: CallBackActivity()
com.yibu.headmaster.ChatActivity
com.yibu.headmaster.ChatActivity: ChatActivity()
com.yibu.headmaster.DataChartActivity
com.yibu.headmaster.DataChartActivity: DataChartActivity()
com.yibu.headmaster.GiveClassActivity
com.yibu.headmaster.GiveClassActivity: GiveClassActivity()
com.yibu.headmaster.GuideActivity
com.yibu.headmaster.GuideActivity: GuideActivity()
com.yibu.headmaster.HomeGuideActivity
com.yibu.headmaster.HomeGuideActivity: HomeGuideActivity()
com.yibu.headmaster.LeftMyCoachActivity
com.yibu.headmaster.LeftMyCoachActivity: LeftMyCoachActivity()
com.yibu.headmaster.LeftSettingActivity
com.yibu.headmaster.LeftSettingActivity: LeftSettingActivity()
com.yibu.headmaster.LoginActivity
com.yibu.headmaster.LoginActivity: LoginActivity()
com.yibu.headmaster.MainActivity
com.yibu.headmaster.MainActivity: MainActivity()
com.yibu.headmaster.NewsDetailActivity
com.yibu.headmaster.NewsDetailActivity: NewsDetailActivity()
com.yibu.headmaster.PersonSettingActivity
com.yibu.headmaster.PersonSettingActivity: PersonSettingActivity()
com.yibu.headmaster.PublishBulletinActivity
com.yibu.headmaster.PublishBulletinActivity: PublishBulletinActivity()
com.yibu.headmaster.TermsActivity
com.yibu.headmaster.TermsActivity: TermsActivity()
com.yibu.headmaster.WelcomeActivity
com.yibu.headmaster.WelcomeActivity: WelcomeActivity()
com.yibu.headmaster.api.ApiHttpClient: void delete(java.lang.String,com.loopj.android.http.AsyncHttpResponseHandler)
com.yibu.headmaster.base.impl.DataPager$DayButton: com.yibu.headmaster.base.impl.DataPager$DayButton[] values()
com.yibu.headmaster.base.impl.DataPager$DayButton: com.yibu.headmaster.base.impl.DataPager$DayButton valueOf(java.lang.String)
com.yibu.headmaster.bean.AssessBean
com.yibu.headmaster.bean.AssessBean: java.util.List commentlist
com.yibu.headmaster.bean.AssessBean: com.yibu.headmaster.bean.AssessBean$Commentcount commentcount
com.yibu.headmaster.bean.AssessBean: AssessBean()
com.yibu.headmaster.bean.AssessBean$Commentcount
com.yibu.headmaster.bean.AssessBean$Commentcount: int generalcomment
com.yibu.headmaster.bean.AssessBean$Commentcount: int goodcommnent
com.yibu.headmaster.bean.AssessBean$Commentcount: int badcomment
com.yibu.headmaster.bean.AssessBean$Commentcount: com.yibu.headmaster.bean.AssessBean this$0
com.yibu.headmaster.bean.AssessBean$Commentcount: AssessBean$Commentcount(com.yibu.headmaster.bean.AssessBean)
com.yibu.headmaster.bean.AssessBean$Commentlist
com.yibu.headmaster.bean.AssessBean$Commentlist: int commentstarlevel
com.yibu.headmaster.bean.AssessBean$Commentlist: java.lang.String commenttime
com.yibu.headmaster.bean.AssessBean$Commentlist: java.lang.String commentcontent
com.yibu.headmaster.bean.AssessBean$Commentlist: java.lang.String reservationid
com.yibu.headmaster.bean.AssessBean$Commentlist: com.yibu.headmaster.bean.AssessBean$Commentlist$Subject subject
com.yibu.headmaster.bean.AssessBean$Commentlist: com.yibu.headmaster.bean.AssessBean$Commentlist$Studentinfo studentinfo
com.yibu.headmaster.bean.AssessBean$Commentlist: com.yibu.headmaster.bean.AssessBean$Commentlist$Coachinfo coachinfo
com.yibu.headmaster.bean.AssessBean$Commentlist: com.yibu.headmaster.bean.AssessBean this$0
com.yibu.headmaster.bean.AssessBean$Commentlist: AssessBean$Commentlist(com.yibu.headmaster.bean.AssessBean)
...
com.baidu.location.h.i
com.baidu.location.h.i: com.baidu.location.h.a a
com.baidu.location.h.i: i(com.baidu.location.h.a)
com.baidu.location.h.i: void handleMessage(android.os.Message)
com.baidu.location.h.j
com.baidu.location.h.j: j()
com.baidu.location.h.j: void cP()
com.baidu.location.h.j: void cT()
com.baidu.location.h.j: java.lang.String cQ()
com.baidu.location.h.j: com.baidu.location.h.h cO()
com.baidu.location.h.j: java.lang.String int(com.baidu.location.h.h)
com.baidu.location.h.j: int cR()
com.baidu.location.h.j: int cS()
com.baidu.location.h.j: void goto(int)
com.baidu.location.h.j: void C(java.lang.String)
com.baidu.location.h.j: void long(int)
com.baidu.location.h.k
com.baidu.location.h.k: k()
com.baidu.location.h.k: void c6()
com.baidu.location.h.k: void dd()
com.baidu.location.h.k: boolean c0()
com.baidu.location.h.k: boolean c5()
com.baidu.location.h.k: boolean da()
com.baidu.location.h.k: boolean c2()
com.baidu.location.h.k: boolean db()
com.baidu.location.h.k: com.baidu.location.h.f c8()
com.baidu.location.h.k: com.baidu.location.h.f de()
com.baidu.location.h.k: com.baidu.location.h.f c4()
com.baidu.location.h.k: com.baidu.location.h.f do(java.util.List)
com.baidu.location.h.k: boolean c1()
com.baidu.location.h.k: java.lang.String c7()
com.baidu.location.h.k: java.lang.String c9()
com.baidu.location.h.k: int dc()
com.baidu.location.h.k: boolean D(java.lang.String)
com.baidu.location.h.k: void c3()
com.baidu.location.h.l
com.baidu.location.h.l: l()
com.baidu.location.h.l: com.baidu.location.h.k a()
com.baidu.location.h.m
com.baidu.location.h.m: boolean c
com.baidu.location.h.m: java.lang.String d
com.baidu.location.h.m: boolean e
com.baidu.location.h.m: double f
com.baidu.location.h.m: double g
com.baidu.location.h.m: java.lang.String a
com.baidu.location.h.m: int b
com.baidu.location.h.m: m(java.util.List,java.lang.String,java.lang.String,java.lang.String)
com.baidu.location.h.m: void d()
com.baidu.location.h.m: boolean a(java.lang.String)
com.baidu.location.h.m: boolean a()
com.baidu.location.h.m: double b()
com.baidu.location.h.m: double c()
com.baidu.location.h.m: void <clinit>()
com.baidu.mapapi.BMapManager
com.baidu.mapapi.BMapManager: BMapManager()
com.baidu.mapapi.BMapManager: void init()
com.baidu.mapapi.BMapManager: void destroy()
com.baidu.mapapi.BMapManager: android.content.Context getContext()
com.baidu.mapapi.MessageCenter
com.baidu.mapapi.MessageCenter: MessageCenter()
com.baidu.mapapi.MessageCenter: void registMessage(int,android.os.Handler)
com.baidu.mapapi.MessageCenter: void unregistMessage(int,android.os.Handler)
com.baidu.mapapi.SDKInitializer
com.baidu.mapapi.SDKInitializer: java.lang.String SDK_BROADTCAST_ACTION_STRING_PERMISSION_CHECK_OK
com.baidu.mapapi.SDKInitializer: java.lang.String SDK_BROADTCAST_ACTION_STRING_PERMISSION_CHECK_ERROR
com.baidu.mapapi.SDKInitializer: java.lang.String SDK_BROADCAST_ACTION_STRING_NETWORK_ERROR
com.baidu.mapapi.SDKInitializer: java.lang.String SDK_BROADTCAST_INTENT_EXTRA_INFO_KEY_ERROR_CODE
com.baidu.mapapi.SDKInitializer: SDKInitializer()
com.baidu.mapapi.SDKInitializer: void initialize(java.lang.String,android.content.Context)
com.baidu.mapapi.SDKInitializer: void initialize(android.content.Context)