Headmaster/proguard/mapping.txt
com.jzjf.headmaster.R -> com.b.a.a:
com.jzjf.headmaster.R$styleable -> com.b.a.b:
    int[] ArcProgress -> a
    int[] CircleProgress -> b
    int[] DonutProgress -> c
    int[] PagerSlidingTab -> d
    int[] PullToRefresh -> e
    int[] SelectableRoundedImageView -> f
    int[] Themes -> g
    1830:3246:void <clinit>() -> <clinit>
com.yibu.headmaster.AboutUsActivity -> com.yibu.headmaster.AboutUsActivity:
    android.view.View view -> k
    android.widget.TextView versionTv -> l
    android.widget.TextView protocalTv -> m
    9:9:void <init>() -> <init>
    17:25:void initView() -> a
    29:31:void initListener() -> b
    35:44:void onClick(android.view.View) -> onClick
    49:49:void initData() -> c
    54:54:void processSuccess(java.lang.String) -> a
    59:59:void processFailure() -> d
com.yibu.headmaster.AssessActivity -> com.yibu.headmaster.AssessActivity:
    com.yibu.headmaster.lib.PagerSliding.PagerSlidingTab slidingTab -> k
    android.support.v4.view.ViewPager viewPager -> l
    android.view.View view -> m
    java.lang.String[] titles -> n
    java.util.List tabPagers -> o
    int currentTime -> p
    int commentlevel -> q
    14:24:void <init>() -> <init>
    28:40:void initView() -> a
    1043:1064:java.lang.String getTitle(int):43:64 -> a
    1043:1064:void initView():38 -> a
    70:70:void initListener() -> b
    76:87:void initData() -> c
    92:92:void processSuccess(java.lang.String) -> a
    97:97:void processFailure() -> d
com.yibu.headmaster.BaseActivity -> com.yibu.headmaster.BaseActivity:
    android.widget.FrameLayout arrowButton -> k
    android.widget.TextView baseTitle -> a
    android.widget.TextView baseRight -> b
    android.widget.FrameLayout content -> c
    java.lang.String result -> d
    java.lang.String msg -> e
    int screenWidth -> f
    int screenHeight -> g
    float screenDensity -> h
    int densityDpi -> i
    com.loopj.android.http.AsyncHttpResponseHandler handler -> j
    31:49:void <init>() -> <init>
    109:133:void onCreate(android.os.Bundle) -> onCreate
    137:139:void onStart() -> onStart
    143:150:void onResume() -> onResume
    154:161:void onPause() -> onPause
    165:168:void onStop() -> onStop
    172:173:void onDestroy() -> onDestroy
    178:183:void onClick(android.view.View) -> onClick
    186:187:void setSonsTitle(java.lang.String) -> b
    void initView() -> a
    void initListener() -> b
    void initData() -> c
    void processSuccess(java.lang.String) -> a
    void processFailure() -> d
    215:215:void otherOnclick(android.view.View) -> a
com.yibu.headmaster.BaseActivity$1 -> com.yibu.headmaster.a:
    com.yibu.headmaster.BaseActivity this$0 -> a
    1:49:void <init>(com.yibu.headmaster.BaseActivity) -> <init>
    54:63:void onSuccess(int,org.apache.http.Header[],byte[]) -> a
    66:97:java.lang.String parseJson(byte[]) -> a
    103:104:void onFailure(int,org.apache.http.Header[],byte[],java.lang.Throwable) -> a
com.yibu.headmaster.CallBackActivity -> com.yibu.headmaster.CallBackActivity:
    android.view.View view -> k
    android.widget.Button btn -> l
    android.widget.EditText callContent -> m
    android.content.Context mContext -> n
    int bulletinObject -> o
    16:22:void <init>() -> <init>
    26:36:void initView() -> a
    1198:1201:android.text.SpannableString com.yibu.headmaster.BaseActivity.setHint(int):198:201 -> a
    1198:1201:void initView():35 -> a
    40:41:void initListener() -> b
    45:54:void onClick(android.view.View) -> onClick
    2057:2076:void callBack():57:76 -> onClick
    2057:2076:void onClick(android.view.View):50 -> onClick
    81:81:void initData() -> c
    85:94:void processSuccess(java.lang.String) -> a
    98:100:void processFailure() -> d
com.yibu.headmaster.CallBackActivity$1 -> com.yibu.headmaster.b:
    com.yibu.headmaster.CallBackActivity this$0 -> a
    1:88:void <init>(com.yibu.headmaster.CallBackActivity) -> <init>
    91:92:void run() -> a
...
cn.jpush.android.api.PushNotificationBuilder -> cn.jpush.android.api.PushNotificationBuilder:
    android.app.Notification a(java.lang.String,java.util.Map) -> a
    java.lang.String a() -> a
cn.jpush.android.api.TagAliasCallback -> cn.jpush.android.api.TagAliasCallback:
    void gotResult(int,java.lang.String,java.util.Set) -> gotResult
cn.jpush.android.api.a -> cn.jpush.android.api.a:
    java.lang.String a -> a
    long b -> b
    void <init>(java.lang.String,long) -> <init>
cn.jpush.android.api.b -> cn.jpush.android.api.b:
    java.lang.String a -> a
    java.util.Set b -> b
    cn.jpush.android.api.TagAliasCallback c -> c
    java.lang.String[] z -> z
    void <init>(java.lang.String,java.util.Set,cn.jpush.android.api.TagAliasCallback) -> <init>
    java.lang.String toString() -> toString
    void <clinit>() -> <clinit>
cn.jpush.android.api.c -> cn.jpush.android.api.c:
    cn.jpush.android.api.c b -> b
    java.lang.Thread$UncaughtExceptionHandler c -> c
    android.content.Context d -> d
    boolean a -> a
    java.lang.String[] z -> z
    void <init>() -> <init>
    cn.jpush.android.api.c a() -> a
    void a(android.content.Context) -> a
    void uncaughtException(java.lang.Thread,java.lang.Throwable) -> uncaughtException
    void a(android.content.Context,org.json.JSONArray) -> a
    org.json.JSONArray d(android.content.Context) -> d
    void b(android.content.Context) -> b
    org.json.JSONArray a(android.content.Context,java.lang.Throwable) -> a
    org.json.JSONArray a(org.json.JSONArray,int) -> a
    org.json.JSONObject c(android.content.Context) -> c
    void <clinit>() -> <clinit>
cn.jpush.android.api.d -> cn.jpush.android.api.d:
    int a -> a
    int b -> b
    int c -> c
    int d -> d
    int e -> e
    int f -> f
    int g -> g
    int h -> h
    int i -> i
    int j -> j
    int k -> k
    void <clinit>() -> <clinit>
cn.jpush.android.api.e -> cn.jpush.android.api.e:
    java.lang.String c -> c
    cn.jpush.android.api.e d -> d
    boolean a -> a
    boolean b -> b
    java.util.concurrent.ExecutorService e -> e
    java.lang.String f -> f
    java.lang.String g -> g
    java.util.ArrayList h -> h
    long i -> i
    long j -> j
    long k -> k
    boolean l -> l
    boolean m -> m
    boolean n -> n
    boolean o -> o
    boolean p -> p
    java.lang.ref.WeakReference q -> q
    org.json.JSONObject r -> r
    java.lang.Object s -> s
    java.lang.String[] z -> z
    void <init>() -> <init>
    void a(long) -> a
    boolean a() -> a
    void a(boolean) -> a
    cn.jpush.android.api.e b() -> b
    void a(android.content.Context,java.lang.String) -> a
    void b(android.content.Context,java.lang.String) -> b
    void a(android.content.Context) -> a
    void b(android.content.Context) -> b
    void c(android.content.Context) -> c
    boolean c(android.content.Context,java.lang.String) -> c
    void a(org.json.JSONObject) -> a
    org.json.JSONObject a(android.content.Context,long) -> a
    org.json.JSONObject d(android.content.Context) -> d
    boolean a(java.lang.String) -> a
    void a(cn.jpush.android.api.e,android.content.Context) -> a
    void b(cn.jpush.android.api.e,android.content.Context) -> b
    void <clinit>() -> <clinit>
cn.jpush.android.api.f -> cn.jpush.android.api.f:
    android.content.Context a -> a
    cn.jpush.android.api.e b -> b
    void <init>(cn.jpush.android.api.e,android.content.Context) -> <init>
    void run() -> run
cn.jpush.android.api.g -> cn.jpush.android.api.g:
    android.content.Context a -> a
    cn.jpush.android.api.e b -> b
    void <init>(cn.jpush.android.api.e,android.content.Context) -> <init>
    void run() -> run
cn.jpush.android.api.h -> cn.jpush.android.api.h:
    android.content.Context a -> a
    cn.jpush.android.api.e b -> b
    void <init>(cn.jpush.android.api.e,android.content.Context) -> <init>
    void run() -> run