Headmaster/proguard/usage.txt
com.jzjf.headmaster.BuildConfig
com.jzjf.headmaster.Manifest
com.jzjf.headmaster.Manifest$permission
com.jzjf.headmaster.R:
    10:10:public R()
com.jzjf.headmaster.R$anim
com.jzjf.headmaster.R$array
com.jzjf.headmaster.R$attr
com.jzjf.headmaster.R$color
com.jzjf.headmaster.R$dimen
com.jzjf.headmaster.R$drawable
com.jzjf.headmaster.R$id
com.jzjf.headmaster.R$layout
com.jzjf.headmaster.R$string
com.jzjf.headmaster.R$style
com.jzjf.headmaster.R$styleable:
    public static final int ArcProgress_arc_angle
    public static final int ArcProgress_arc_bottom_text
    public static final int ArcProgress_arc_bottom_text_size
    public static final int ArcProgress_arc_finished_color
    public static final int ArcProgress_arc_is_display_text
    public static final int ArcProgress_arc_max
    public static final int ArcProgress_arc_progress
    public static final int ArcProgress_arc_stroke_width
    public static final int ArcProgress_arc_suffix_text
    public static final int ArcProgress_arc_suffix_text_padding
    public static final int ArcProgress_arc_suffix_text_size
    public static final int ArcProgress_arc_text_color
    public static final int ArcProgress_arc_text_size
    public static final int ArcProgress_arc_unfinished_color
    public static final int CircleProgress_circle_finished_color
    public static final int CircleProgress_circle_max
    public static final int CircleProgress_circle_prefix_text
    public static final int CircleProgress_circle_progress
    public static final int CircleProgress_circle_suffix_text
    public static final int CircleProgress_circle_text_color
    public static final int CircleProgress_circle_text_size
    public static final int CircleProgress_circle_unfinished_color
    public static final int DonutProgress_donut_background_color
    public static final int DonutProgress_donut_circle_starting_degree
com.yibu.headmaster.ChatActivity:
    private static final int REQUEST_CODE_EMPTY_HISTORY
    public static final int REQUEST_CODE_CONTEXT_MENU
    private static final int REQUEST_CODE_MAP
    public static final int REQUEST_CODE_TEXT
    public static final int REQUEST_CODE_VOICE
    public static final int REQUEST_CODE_PICTURE
    public static final int REQUEST_CODE_LOCATION
    public static final int REQUEST_CODE_NET_DISK
    public static final int REQUEST_CODE_FILE
    public static final int REQUEST_CODE_COPY_AND_PASTE
    public static final int REQUEST_CODE_PICK_VIDEO
    public static final int REQUEST_CODE_DOWNLOAD_VIDEO
    public static final int REQUEST_CODE_VIDEO
    public static final int REQUEST_CODE_DOWNLOAD_VOICE
    public static final int REQUEST_CODE_SELECT_USER_CARD
    public static final int REQUEST_CODE_SEND_USER_CARD
    public static final int REQUEST_CODE_CAMERA
    public static final int REQUEST_CODE_LOCAL
    public static final int REQUEST_CODE_CLICK_DESTORY_IMG
    public static final int REQUEST_CODE_GROUP_DETAIL
    public static final int REQUEST_CODE_SELECT_VIDEO
    public static final int REQUEST_CODE_SELECT_FILE
    public static final int REQUEST_CODE_ADD_TO_BLACKLIST
    public static final int RESULT_CODE_COPY
    public static final int RESULT_CODE_DELETE
    public static final int RESULT_CODE_FORWARD
    public static final int RESULT_CODE_OPEN
    public static final int RESULT_CODE_DWONLOAD
com.yibu.headmaster.DataChartActivity:
    private android.widget.RelativeLayout relativeLayout_textView_pingjia
com.yibu.headmaster.LeftSettingActivity:
    private android.widget.RelativeLayout setting_rate
com.yibu.headmaster.LoginActivity:
    private android.widget.ImageView loginLogo
    public static final java.lang.String USER_INFO
    264:267:protected android.text.SpannableString setHint(java.lang.String)
...
com.lidroid.xutils.http.client.multipart.content.ByteArrayBody
com.lidroid.xutils.http.client.multipart.content.ContentBody
com.lidroid.xutils.http.client.multipart.content.ContentDescriptor
com.lidroid.xutils.http.client.multipart.content.FileBody
com.lidroid.xutils.http.client.multipart.content.InputStreamBody
com.lidroid.xutils.http.client.multipart.content.StringBody
com.lidroid.xutils.http.client.util.URIBuilder
com.lidroid.xutils.http.client.util.URLEncodedUtils
com.lidroid.xutils.task.PriorityAsyncTask:
    private static final int MESSAGE_POST_RESULT
    private static final int MESSAGE_POST_PROGRESS
    private final com.lidroid.xutils.task.PriorityAsyncTask$WorkerRunnable mWorker
    private volatile boolean mExecuteInvoked
    private final java.util.concurrent.atomic.AtomicBoolean mTaskInvoked
    private com.lidroid.xutils.task.Priority priority
    50:50:public com.lidroid.xutils.task.Priority getPriority()
    54:55:public void setPriority(com.lidroid.xutils.task.Priority)
    42:86:public PriorityAsyncTask()
    89:93:private void postResultIfNotInvoked(java.lang.Object)
    97:100:private java.lang.Object postResult(java.lang.Object)
    protected varargs abstract java.lang.Object doInBackground(java.lang.Object[])
    126:126:protected void onPreExecute()
    219:219:public boolean supportPause()
    224:224:public boolean supportResume()
    229:229:public boolean supportCancel()
    234:234:public void pause()
    238:238:public void resume()
    247:247:public boolean isPaused()
    261:261:public final java.lang.Object get()
    279:279:public final java.lang.Object get(long,java.util.concurrent.TimeUnit)
    290:290:public final varargs com.lidroid.xutils.task.PriorityAsyncTask execute(java.lang.Object[])
    302:314:public final varargs com.lidroid.xutils.task.PriorityAsyncTask executeOnExecutor(java.util.concurrent.Executor,java.lang.Object[])
    326:327:public static void execute(java.lang.Runnable)
com.lidroid.xutils.task.PriorityAsyncTask$1
com.lidroid.xutils.task.PriorityAsyncTask$2
com.lidroid.xutils.task.PriorityAsyncTask$AsyncTaskResult:
    400:403:varargs PriorityAsyncTask$AsyncTaskResult(com.lidroid.xutils.task.PriorityAsyncTask,java.lang.Object[])
com.lidroid.xutils.task.PriorityAsyncTask$WorkerRunnable
com.lidroid.xutils.task.PriorityExecutor:
    private static final int CORE_POOL_SIZE
    private static final int MAXIMUM_POOL_SIZE
    private static final int KEEP_ALIVE
    44:44:public int getPoolSize()
    48:51:public void setPoolSize(int)
    54:54:public boolean isBusy()
com.lidroid.xutils.task.PriorityObjectBlockingQueue:
    private static final long serialVersionUID
    164:181:public PriorityObjectBlockingQueue(java.util.Collection)
    567:581:private void writeObject(java.io.ObjectOutputStream)
    589:602:private void readObject(java.io.ObjectInputStream)
com.lidroid.xutils.task.PriorityRunnable
com.lidroid.xutils.task.TaskHandler
com.lidroid.xutils.util.CharsetUtils
com.lidroid.xutils.util.DoubleKeyValueMap:
    56:56:public java.util.Set getFirstKeys()
    60:60:public java.util.concurrent.ConcurrentHashMap get(java.lang.Object)
    69:70:public java.util.Collection getAllValues(java.lang.Object)
    74:85:public java.util.Collection getAllValues()
    89:92:public boolean containsKey(java.lang.Object,java.lang.Object)
    96:96:public boolean containsKey(java.lang.Object)
    100:106:public int size()
    110:111:public void remove(java.lang.Object)
    114:118:public void remove(java.lang.Object,java.lang.Object)
    121:127:public void clear()
com.lidroid.xutils.util.IOUtils:
    29:30:private IOUtils()
    42:48:public static void closeQuietly(android.database.Cursor)